<?xml version="1.0" encoding="UTF-8"?>
<coverage generated="1682691100335" clover="3.2.0">
  <project timestamp="1682691100336" name="All files">
    <metrics statements="7" coveredstatements="7" conditionals="6" coveredconditionals="6" methods="3" coveredmethods="3" elements="16" coveredelements="16" complexity="0" loc="7" ncloc="7" packages="1" files="2" classes="2"/>
    <file name="health.js" path="C:\JSproject\UnTest\src\js\health.js">
      <metrics statements="5" coveredstatements="5" conditionals="4" coveredconditionals="4" methods="1" coveredmethods="1"/>
      <line num="2" count="3" type="cond" truecount="2" falsecount="0"/>
      <line num="3" count="1" type="stmt"/>
      <line num="4" count="2" type="cond" truecount="2" falsecount="0"/>
      <line num="5" count="1" type="stmt"/>
      <line num="7" count="1" type="stmt"/>
    </file>
    <file name="matchers.js" path="C:\JSproject\UnTest\src\js\matchers.js">
      <metrics statements="2" coveredstatements="2" conditionals="2" coveredconditionals="2" methods="2" coveredmethods="2"/>
      <line num="2" count="8" type="cond" truecount="2" falsecount="0"/>
      <line num="3" count="3" type="stmt"/>
    </file>
  </project>
</coverage>
