{"C:\\JSproject\\UnTest\\src\\js\\health.js": {"path":"C:\\JSproject\\UnTest\\src\\js\\health.js","statementMap":{"0":{"start":{"line":2,"column":2},"end":{"line":4,"column":3}},"1":{"start":{"line":3,"column":4},"end":{"line":3,"column":21}},"2":{"start":{"line":4,"column":4},"end":{"line":6,"column":3}},"3":{"start":{"line":5,"column":4},"end":{"line":5,"column":22}},"4":{"start":{"line":7,"column":2},"end":{"line":7,"column":19}}},"fnMap":{"0":{"name":"health","decl":{"start":{"line":1,"column":24},"end":{"line":1,"column":30}},"loc":{"start":{"line":1,"column":36},"end":{"line":8,"column":1}},"line":1}},"branchMap":{"0":{"loc":{"start":{"line":2,"column":2},"end":{"line":4,"column":3}},"type":"if","locations":[{"start":{"line":2,"column":2},"end":{"line":4,"column":3}},{"start":{},"end":{}}],"line":2},"1":{"loc":{"start":{"line":4,"column":4},"end":{"line":6,"column":3}},"type":"if","locations":[{"start":{"line":4,"column":4},"end":{"line":6,"column":3}},{"start":{},"end":{}}],"line":4}},"s":{"0":3,"1":1,"2":2,"3":1,"4":1},"f":{"0":3},"b":{"0":[1,2],"1":[1,1]},"_coverageSchema":"1a1c01bbd47fc00a2c39e90264f33305004495a9","hash":"1bdd05c1f39b948cfade06f98e62993c2a72349d"}
,"C:\\JSproject\\UnTest\\src\\js\\matchers.js": {"path":"C:\\JSproject\\UnTest\\src\\js\\matchers.js","statementMap":{"0":{"start":{"line":2,"column":18},"end":{"line":2,"column":68}},"1":{"start":{"line":2,"column":38},"end":{"line":2,"column":66}},"2":{"start":{"line":3,"column":2},"end":{"line":3,"column":17}}},"fnMap":{"0":{"name":"healthSort","decl":{"start":{"line":1,"column":24},"end":{"line":1,"column":34}},"loc":{"start":{"line":1,"column":40},"end":{"line":4,"column":1}},"line":1},"1":{"name":"(anonymous_1)","decl":{"start":{"line":2,"column":27},"end":{"line":2,"column":28}},"loc":{"start":{"line":2,"column":38},"end":{"line":2,"column":66}},"line":2}},"branchMap":{"0":{"loc":{"start":{"line":2,"column":38},"end":{"line":2,"column":66}},"type":"cond-expr","locations":[{"start":{"line":2,"column":60},"end":{"line":2,"column":62}},{"start":{"line":2,"column":65},"end":{"line":2,"column":66}}],"line":2}},"s":{"0":3,"1":8,"2":3},"f":{"0":3,"1":8},"b":{"0":[2,6]},"_coverageSchema":"1a1c01bbd47fc00a2c39e90264f33305004495a9","hash":"27c4984654139a2b11ff6b10f2c19b9dfef20185"}
}
